{"/Users/imendonca/projects/labs/js-type-gen/test/first_spec.js":{"path":"/Users/imendonca/projects/labs/js-type-gen/test/first_spec.js","s":{"1":1,"2":1,"3":1,"4":1,"5":1,"6":1},"b":{},"f":{"1":1,"2":1,"3":1},"fnMap":{"1":{"name":"(anonymous_1)","line":2,"loc":{"start":{"line":2,"column":18},"end":{"line":2,"column":29}}},"2":{"name":"(anonymous_2)","line":3,"loc":{"start":{"line":3,"column":25},"end":{"line":3,"column":37}}},"3":{"name":"(anonymous_3)","line":4,"loc":{"start":{"line":4,"column":57},"end":{"line":4,"column":69}}}},"statementMap":{"1":{"start":{"line":1,"column":0},"end":{"line":1,"column":31}},"2":{"start":{"line":2,"column":0},"end":{"line":9,"column":3}},"3":{"start":{"line":3,"column":2},"end":{"line":8,"column":5}},"4":{"start":{"line":4,"column":4},"end":{"line":7,"column":7}},"5":{"start":{"line":5,"column":6},"end":{"line":5,"column":45}},"6":{"start":{"line":6,"column":6},"end":{"line":6,"column":45}}},"branchMap":{}}}